::1 - - [19/Feb/2020:16:07:56 +0000] "GET /phpmyadmin/server_databases.php?server=1 HTTP/1.1" 200 14226 "-" "Mozilla/5.0 (Windows NT 10.0; Win64; x64) AppleWebKit/537.36 (KHTML, like Gecko) Chrome/79.0.3945.130 Safari/537.36 OPR/66.0.3515.75"
::1 - - [19/Feb/2020:16:07:57 +0000] "GET /phpmyadmin/themes/pmahomme/css/theme.css?v=5.0.1&nocache=6186197168ltr&server=1 HTTP/1.1" 200 100397 "-" "Mozilla/5.0 (Windows NT 10.0; Win64; x64) AppleWebKit/537.36 (KHTML, like Gecko) Chrome/79.0.3945.130 Safari/537.36 OPR/66.0.3515.75"
::1 - - [19/Feb/2020:16:07:57 +0000] "GET /phpmyadmin/js/messages.php?l=pt&v=5.0.1 HTTP/1.1" 200 10044 "-" "Mozilla/5.0 (Windows NT 10.0; Win64; x64) AppleWebKit/537.36 (KHTML, like Gecko) Chrome/79.0.3945.130 Safari/537.36 OPR/66.0.3515.75"
::1 - - [19/Feb/2020:16:07:57 +0000] "POST /phpmyadmin/ajax.php HTTP/1.1" 200 1463 "-" "Mozilla/5.0 (Windows NT 10.0; Win64; x64) AppleWebKit/537.36 (KHTML, like Gecko) Chrome/79.0.3945.130 Safari/537.36 OPR/66.0.3515.75"
::1 - - [19/Feb/2020:16:07:58 +0000] "POST /phpmyadmin/navigation.php?ajax_request=1 HTTP/1.1" 200 2183 "-" "Mozilla/5.0 (Windows NT 10.0; Win64; x64) AppleWebKit/537.36 (KHTML, like Gecko) Chrome/79.0.3945.130 Safari/537.36 OPR/66.0.3515.75"
::1 - - [19/Feb/2020:16:07:58 +0000] "POST /phpmyadmin/ajax.php HTTP/1.1" 200 1558 "-" "Mozilla/5.0 (Windows NT 10.0; Win64; x64) AppleWebKit/537.36 (KHTML, like Gecko) Chrome/79.0.3945.130 Safari/537.36 OPR/66.0.3515.75"
::1 - - [19/Feb/2020:16:07:58 +0000] "POST /phpmyadmin/ajax.php HTTP/1.1" 200 1455 "-" "Mozilla/5.0 (Windows NT 10.0; Win64; x64) AppleWebKit/537.36 (KHTML, like Gecko) Chrome/79.0.3945.130 Safari/537.36 OPR/66.0.3515.75"
::1 - - [19/Feb/2020:16:08:00 +0000] "GET /phpmyadmin/server_databases.php?server=1&ajax_request=true&ajax_page_request=true&_nocache=1582128480364401626&token=2f2c462f466e464f386134656071355b HTTP/1.1" 200 7613 "-" "Mozilla/5.0 (Windows NT 10.0; Win64; x64) AppleWebKit/537.36 (KHTML, like Gecko) Chrome/79.0.3945.130 Safari/537.36 OPR/66.0.3515.75"
::1 - - [19/Feb/2020:16:08:14 +0000] "POST /phpmyadmin/server_databases.php HTTP/1.1" 200 1810 "-" "Mozilla/5.0 (Windows NT 10.0; Win64; x64) AppleWebKit/537.36 (KHTML, like Gecko) Chrome/79.0.3945.130 Safari/537.36 OPR/66.0.3515.75"
::1 - - [19/Feb/2020:16:08:14 +0000] "POST /phpmyadmin/navigation.php?ajax_request=1 HTTP/1.1" 200 2225 "-" "Mozilla/5.0 (Windows NT 10.0; Win64; x64) AppleWebKit/537.36 (KHTML, like Gecko) Chrome/79.0.3945.130 Safari/537.36 OPR/66.0.3515.75"
::1 - - [19/Feb/2020:16:08:14 +0000] "GET /phpmyadmin/db_structure.php?db=unitydatabase&ajax_request=true&ajax_page_request=true&_nocache=1582128494246928024&token=2f2c462f466e464f386134656071355b HTTP/1.1" 200 2939 "-" "Mozilla/5.0 (Windows NT 10.0; Win64; x64) AppleWebKit/537.36 (KHTML, like Gecko) Chrome/79.0.3945.130 Safari/537.36 OPR/66.0.3515.75"
::1 - - [19/Feb/2020:16:08:14 +0000] "GET /phpmyadmin/navigation.php?ajax_request=1&aPath=cm9vdA%3D%3D.dW5pdHlkYXRhYmFzZQ%3D%3D&vPath=cm9vdA%3D%3D.dW5pdHlkYXRhYmFzZQ%3D%3D&pos=0&pos2_name=&pos2_value=&searchClause=&searchClause2=&_nocache=15821284945702690&token=2f2c462f466e464f386134656071355b HTTP/1.1" 200 1486 "-" "Mozilla/5.0 (Windows NT 10.0; Win64; x64) AppleWebKit/537.36 (KHTML, like Gecko) Chrome/79.0.3945.130 Safari/537.36 OPR/66.0.3515.75"
::1 - - [19/Feb/2020:16:08:17 +0000] "GET /phpmyadmin/themes/pmahomme/img/s_lock.png HTTP/1.1" 304 - "http://localhost/phpmyadmin/themes/pmahomme/css/theme.css?v=5.0.1&nocache=6186197168ltr&server=1" "Mozilla/5.0 (Windows NT 10.0; Win64; x64) AppleWebKit/537.36 (KHTML, like Gecko) Chrome/79.0.3945.130 Safari/537.36 OPR/66.0.3515.75"
::1 - - [19/Feb/2020:16:08:23 +0000] "POST /phpmyadmin/tbl_create.php HTTP/1.1" 200 28418 "-" "Mozilla/5.0 (Windows NT 10.0; Win64; x64) AppleWebKit/537.36 (KHTML, like Gecko) Chrome/79.0.3945.130 Safari/537.36 OPR/66.0.3515.75"
::1 - - [19/Feb/2020:16:08:23 +0000] "GET /phpmyadmin/index.php?ajax_request=1&recent_table=1&no_debug=true&_nocache=1582128503986240043&token=2f2c462f466e464f386134656071355b HTTP/1.1" 200 1487 "-" "Mozilla/5.0 (Windows NT 10.0; Win64; x64) AppleWebKit/537.36 (KHTML, like Gecko) Chrome/79.0.3945.130 Safari/537.36 OPR/66.0.3515.75"
::1 - - [19/Feb/2020:16:08:34 +0000] "POST /phpmyadmin/tbl_indexes.php HTTP/1.1" 200 2898 "-" "Mozilla/5.0 (Windows NT 10.0; Win64; x64) AppleWebKit/537.36 (KHTML, like Gecko) Chrome/79.0.3945.130 Safari/537.36 OPR/66.0.3515.75"
::1 - - [19/Feb/2020:16:08:34 +0000] "GET /phpmyadmin/themes/pmahomme/img/s_sortable.png HTTP/1.1" 200 204 "http://localhost/phpmyadmin/themes/pmahomme/css/theme.css?v=5.0.1&nocache=6186197168ltr&server=1" "Mozilla/5.0 (Windows NT 10.0; Win64; x64) AppleWebKit/537.36 (KHTML, like Gecko) Chrome/79.0.3945.130 Safari/537.36 OPR/66.0.3515.75"
::1 - - [19/Feb/2020:16:09:50 +0000] "POST /phpmyadmin/tbl_structure.php HTTP/1.1" 200 96 "-" "Mozilla/5.0 (Windows NT 10.0; Win64; x64) AppleWebKit/537.36 (KHTML, like Gecko) Chrome/79.0.3945.130 Safari/537.36 OPR/66.0.3515.75"
::1 - - [19/Feb/2020:16:09:50 +0000] "POST /phpmyadmin/tbl_create.php HTTP/1.1" 200 1715 "-" "Mozilla/5.0 (Windows NT 10.0; Win64; x64) AppleWebKit/537.36 (KHTML, like Gecko) Chrome/79.0.3945.130 Safari/537.36 OPR/66.0.3515.75"
::1 - - [19/Feb/2020:16:09:51 +0000] "GET /phpmyadmin/db_structure.php?server=1&db=unitydatabase&table=leaderboard&ajax_request=true&ajax_page_request=true&_nocache=158212859120527780&token=2f2c462f466e464f386134656071355b HTTP/1.1" 200 4913 "-" "Mozilla/5.0 (Windows NT 10.0; Win64; x64) AppleWebKit/537.36 (KHTML, like Gecko) Chrome/79.0.3945.130 Safari/537.36 OPR/66.0.3515.75"
::1 - - [19/Feb/2020:16:09:51 +0000] "POST /phpmyadmin/navigation.php?ajax_request=1 HTTP/1.1" 200 2482 "-" "Mozilla/5.0 (Windows NT 10.0; Win64; x64) AppleWebKit/537.36 (KHTML, like Gecko) Chrome/79.0.3945.130 Safari/537.36 OPR/66.0.3515.75"
::1 - - [19/Feb/2020:16:09:51 +0000] "GET /phpmyadmin/tbl_structure.php?server=1&db=unitydatabase&token=2f2c462f466e464f386134656071355b&goto=db_structure.php&table=leaderboard&ajax_request=true&ajax_page_request=true&_nocache=1582128591214880335&token=2f2c462f466e464f386134656071355b HTTP/1.1" 200 7741 "-" "Mozilla/5.0 (Windows NT 10.0; Win64; x64) AppleWebKit/537.36 (KHTML, like Gecko) Chrome/79.0.3945.130 Safari/537.36 OPR/66.0.3515.75"
::1 - - [19/Feb/2020:16:09:51 +0000] "GET /phpmyadmin/index.php?ajax_request=1&recent_table=1&no_debug=true&_nocache=1582128591964185833&token=2f2c462f466e464f386134656071355b HTTP/1.1" 200 1515 "-" "Mozilla/5.0 (Windows NT 10.0; Win64; x64) AppleWebKit/537.36 (KHTML, like Gecko) Chrome/79.0.3945.130 Safari/537.36 OPR/66.0.3515.75"
::1 - - [19/Feb/2020:16:09:53 +0000] "GET /phpmyadmin/index.php?ajax_request=1&recent_table=1&no_debug=true&_nocache=1582128593002522863&token=2f2c462f466e464f386134656071355b HTTP/1.1" 200 1515 "-" "Mozilla/5.0 (Windows NT 10.0; Win64; x64) AppleWebKit/537.36 (KHTML, like Gecko) Chrome/79.0.3945.130 Safari/537.36 OPR/66.0.3515.75"
::1 - - [19/Feb/2020:16:11:53 +0000] "POST /sqlconnect/register.php HTTP/1.1" 200 1 "-" "UnityPlayer/2019.2.6f1 (UnityWebRequest/1.0, libcurl/7.52.0-DEV)"
::1 - - [19/Feb/2020:16:11:58 +0000] "GET /phpmyadmin/sql.php?server=1&db=unitydatabase&table=leaderboard&pos=0&ajax_request=true&ajax_page_request=true&_nocache=1582128718039307419&token=2f2c462f466e464f386134656071355b HTTP/1.1" 200 6882 "-" "Mozilla/5.0 (Windows NT 10.0; Win64; x64) AppleWebKit/537.36 (KHTML, like Gecko) Chrome/79.0.3945.130 Safari/537.36 OPR/66.0.3515.75"
::1 - - [19/Feb/2020:16:11:59 +0000] "GET /phpmyadmin/index.php?ajax_request=1&recent_table=1&no_debug=true&_nocache=1582128718997341111&token=2f2c462f466e464f386134656071355b HTTP/1.1" 200 1516 "-" "Mozilla/5.0 (Windows NT 10.0; Win64; x64) AppleWebKit/537.36 (KHTML, like Gecko) Chrome/79.0.3945.130 Safari/537.36 OPR/66.0.3515.75"
